<?xml version="1.0" encoding="UTF-8"?>
<!-- Generated by org.testng.reporters.JUnitReportReporter -->
<testsuite hostname="Dinesh" failures="0" tests="3" name="org.sng.SampleNG" time="0.010" errors="0" timestamp="2024-05-25T19:31:12 IST" skipped="0">
  <testcase classname="org.sng.SampleNG" name="tc5" time="0.006"/>
  <system-out/>
  <testcase classname="org.sng.SampleNG" name="tc5" time="0.002"/>
  <system-out/>
  <testcase classname="org.sng.SampleNG" name="tc5" time="0.002"/>
  <system-out/>
</testsuite> <!-- org.sng.SampleNG -->
