<?xml version="1.0" encoding="UTF-8"?>
<!-- Generated by org.testng.reporters.JUnitReportReporter -->
<testsuite hostname="Dinesh" failures="0" tests="1" name="org.sng.classB" time="0.005" errors="0" timestamp="2024-05-25T19:31:12 IST" skipped="0">
  <testcase classname="org.sng.classB" name="case1" time="0.005"/>
  <system-out/>
</testsuite> <!-- org.sng.classB -->
